Arguments: 
  C:\Program Files\nodejs\node.exe C:\Program Files (x86)\Yarn\bin\yarn.js

PATH: 
  C:\Windows\system32;C:\Windows;C:\Windows\System32\Wbem;C:\Windows\System32\WindowsPowerShell\v1.0\;C:\Windows\System32\OpenSSH\;C:\Program Files\nodejs\;C:\Program Files (x86)\Yarn\bin\;C:\Program Files (x86)\dotnet\;C:\Program Files (x86)\Tencent\微信web开发者工具\dll;;C:\soft\Git\cmd;C:\Users\xyxfn\AppData\Local\Microsoft\WindowsApps;;C:\Users\xyxfn\AppData\Local\Programs\Microsoft VS Code\bin;C:\Users\xyxfn\AppData\Roaming\npm;C:\Users\xyxfn\AppData\Local\Yarn\bin

Yarn version: 
  1.22.5

Node version: 
  16.6.2

Platform: 
  win32 x64

Trace: 
  Error: connect ETIMEDOUT 104.16.20.35:443
      at TCPConnectWrap.afterConnect [as oncomplete] (node:net:1142:16)

npm manifest: 
  {
    "name": "webglapp",
    "version": "1.0.0",
    "description": "",
    "main": "index.html",
    "scripts": {
      "dev": "node_modules/.bin/webpack-dev-server",
      "build": "node_modules/.bin/webpack",
      "watch": "node_modules/.bin/webpack --watch",
      "test": "echo \"Error: no test specified\" && exit 1"
    },
    "author": "",
    "license": "ISC",
    "devDependencies": {
      "ts-loader": "^5.3.3",
      "typescript": "^3.2.4",
      "uglifyjs-webpack-plugin": "^2.1.1",
      "webpack": "^4.29.0",
      "webpack-cli": "^3.2.1",
      "webpack-dev-server": "^3.1.14"
    },
    "dependencies": {
      "recastjs": "^0.1.16",
      "tga2png": "^0.1.3"
    }
  }

yarn manifest: 
  No manifest

Lockfile: 
  No lockfile
